INFO org.logicalcobwebs.proxool.ProxoolFacade 2011-02-23 16:09:26 - Proxool 0.9.1 (23-Aug-2008 11:10)
ERROR org.logicalcobwebs.proxool.sightRawData 2011-02-23 16:09:26 - Couldn't load class org.gjt.mm.mysql.Driver
java.lang.ClassNotFoundException: org.gjt.mm.mysql.Driver
	at java.net.URLClassLoader$1.run(URLClassLoader.java:202)
	at java.security.AccessController.doPrivileged(Native Method)
	at java.net.URLClassLoader.findClass(URLClassLoader.java:190)
	at java.lang.ClassLoader.loadClass(ClassLoader.java:307)
	at sun.misc.Launcher$AppClassLoader.loadClass(Launcher.java:301)
	at java.lang.ClassLoader.loadClass(ClassLoader.java:248)
	at java.lang.Class.forName0(Native Method)
	at java.lang.Class.forName(Class.java:169)
	at org.logicalcobwebs.proxool.ConnectionPool.setDefinition(ConnectionPool.java:740)
	at org.logicalcobwebs.proxool.ConnectionPool.<init>(ConnectionPool.java:115)
	at org.logicalcobwebs.proxool.ConnectionPoolManager.createConnectionPool(ConnectionPoolManager.java:93)
	at org.logicalcobwebs.proxool.ProxoolFacade.registerConnectionPool(ProxoolFacade.java:109)
	at org.logicalcobwebs.proxool.ProxoolFacade.registerConnectionPool(ProxoolFacade.java:97)
	at org.logicalcobwebs.proxool.ProxoolFacade.registerConnectionPool(ProxoolFacade.java:69)
	at org.logicalcobwebs.proxool.configuration.XMLConfigurator.endElement(XMLConfigurator.java:196)
	at org.apache.xerces.parsers.AbstractSAXParser.endElement(Unknown Source)
	at org.apache.xerces.impl.XMLNSDocumentScannerImpl.scanEndElement(Unknown Source)
	at org.apache.xerces.impl.XMLDocumentFragmentScannerImpl$FragmentContentDispatcher.dispatch(Unknown Source)
	at org.apache.xerces.impl.XMLDocumentFragmentScannerImpl.scanDocument(Unknown Source)
	at org.apache.xerces.parsers.XML11Configuration.parse(Unknown Source)
	at org.apache.xerces.parsers.XML11Configuration.parse(Unknown Source)
	at org.apache.xerces.parsers.XMLParser.parse(Unknown Source)
	at org.apache.xerces.parsers.AbstractSAXParser.parse(Unknown Source)
	at org.apache.xerces.jaxp.SAXParserImpl$JAXPSAXParser.parse(Unknown Source)
	at org.apache.xerces.jaxp.SAXParserImpl.parse(Unknown Source)
	at org.logicalcobwebs.proxool.configuration.JAXPConfigurator.configure(JAXPConfigurator.java:87)
	at org.logicalcobwebs.proxool.configuration.JAXPConfigurator.configure(JAXPConfigurator.java:107)
	at bupt.longlong.qunar.database.DbOperator.init(DbOperator.java:25)
	at bupt.longlong.qunar.database.dataexport.SightExport.rateInDatabase(SightExport.java:38)
	at bupt.longlong.qunar.database.dataexport.SightExport.main(SightExport.java:66)
WARN bupt.longlong.qunar.database.DbOperator 2011-02-23 16:09:27 - 数据库初始化出错。
WARN bupt.longlong.qunar.database.DbOperator 2011-02-23 16:09:27 - org.logicalcobwebs.proxool.ProxoolException: Couldn't load class org.gjt.mm.mysql.Driver
ERROR org.logicalcobwebs.proxool.ProxoolDriver 2011-02-23 16:09:34 - Problem
org.logicalcobwebs.proxool.ProxoolException: Attempt to refer to a unregistered pool by its alias 'bg2_vacation'
	at org.logicalcobwebs.proxool.ConnectionPoolDefinition.doChange(ConnectionPoolDefinition.java:246)
	at org.logicalcobwebs.proxool.ConnectionPoolDefinition.<init>(ConnectionPoolDefinition.java:143)
	at org.logicalcobwebs.proxool.ProxoolFacade.registerConnectionPool(ProxoolFacade.java:96)
	at org.logicalcobwebs.proxool.ProxoolDriver.connect(ProxoolDriver.java:77)
	at java.sql.DriverManager.getConnection(DriverManager.java:582)
	at java.sql.DriverManager.getConnection(DriverManager.java:207)
	at bupt.longlong.qunar.database.DataSet.query(DataSet.java:221)
	at bupt.longlong.qunar.database.DataSet.query(DataSet.java:215)
	at bupt.longlong.qunar.database.dataexport.SightExport.rateInDatabase(SightExport.java:44)
	at bupt.longlong.qunar.database.dataexport.SightExport.main(SightExport.java:66)
ERROR bupt.longlong.qunar.database.DataSet 2011-02-23 16:09:34 - get pool connection error:bg2_vacation
java.sql.SQLException: org.logicalcobwebs.proxool.ProxoolException: Attempt to refer to a unregistered pool by its alias 'bg2_vacation'
	at org.logicalcobwebs.proxool.ProxoolDriver.connect(ProxoolDriver.java:109)
	at java.sql.DriverManager.getConnection(DriverManager.java:582)
	at java.sql.DriverManager.getConnection(DriverManager.java:207)
	at bupt.longlong.qunar.database.DataSet.query(DataSet.java:221)
	at bupt.longlong.qunar.database.DataSet.query(DataSet.java:215)
	at bupt.longlong.qunar.database.dataexport.SightExport.rateInDatabase(SightExport.java:44)
	at bupt.longlong.qunar.database.dataexport.SightExport.main(SightExport.java:66)
INFO org.logicalcobwebs.proxool.ProxoolFacade 2011-02-23 16:14:28 - Proxool 0.9.1 (23-Aug-2008 11:10)
ERROR org.logicalcobwebs.proxool.sightRawData 2011-02-23 16:14:28 - Couldn't load class org.gjt.mm.mysql.Driver
java.lang.ClassNotFoundException: org.gjt.mm.mysql.Driver
	at java.net.URLClassLoader$1.run(URLClassLoader.java:202)
	at java.security.AccessController.doPrivileged(Native Method)
	at java.net.URLClassLoader.findClass(URLClassLoader.java:190)
	at java.lang.ClassLoader.loadClass(ClassLoader.java:307)
	at sun.misc.Launcher$AppClassLoader.loadClass(Launcher.java:301)
	at java.lang.ClassLoader.loadClass(ClassLoader.java:248)
	at java.lang.Class.forName0(Native Method)
	at java.lang.Class.forName(Class.java:169)
	at org.logicalcobwebs.proxool.ConnectionPool.setDefinition(ConnectionPool.java:740)
	at org.logicalcobwebs.proxool.ConnectionPool.<init>(ConnectionPool.java:115)
	at org.logicalcobwebs.proxool.ConnectionPoolManager.createConnectionPool(ConnectionPoolManager.java:93)
	at org.logicalcobwebs.proxool.ProxoolFacade.registerConnectionPool(ProxoolFacade.java:109)
	at org.logicalcobwebs.proxool.ProxoolFacade.registerConnectionPool(ProxoolFacade.java:97)
	at org.logicalcobwebs.proxool.ProxoolFacade.registerConnectionPool(ProxoolFacade.java:69)
	at org.logicalcobwebs.proxool.configuration.XMLConfigurator.endElement(XMLConfigurator.java:196)
	at org.apache.xerces.parsers.AbstractSAXParser.endElement(Unknown Source)
	at org.apache.xerces.impl.XMLNSDocumentScannerImpl.scanEndElement(Unknown Source)
	at org.apache.xerces.impl.XMLDocumentFragmentScannerImpl$FragmentContentDispatcher.dispatch(Unknown Source)
	at org.apache.xerces.impl.XMLDocumentFragmentScannerImpl.scanDocument(Unknown Source)
	at org.apache.xerces.parsers.XML11Configuration.parse(Unknown Source)
	at org.apache.xerces.parsers.XML11Configuration.parse(Unknown Source)
	at org.apache.xerces.parsers.XMLParser.parse(Unknown Source)
	at org.apache.xerces.parsers.AbstractSAXParser.parse(Unknown Source)
	at org.apache.xerces.jaxp.SAXParserImpl$JAXPSAXParser.parse(Unknown Source)
	at org.apache.xerces.jaxp.SAXParserImpl.parse(Unknown Source)
	at org.logicalcobwebs.proxool.configuration.JAXPConfigurator.configure(JAXPConfigurator.java:87)
	at org.logicalcobwebs.proxool.configuration.JAXPConfigurator.configure(JAXPConfigurator.java:107)
	at bupt.longlong.qunar.database.DbOperator.init(DbOperator.java:25)
	at bupt.longlong.qunar.database.dataexport.SightExport.rateInDatabase(SightExport.java:38)
	at bupt.longlong.qunar.database.dataexport.SightExport.main(SightExport.java:66)
WARN bupt.longlong.qunar.database.DbOperator 2011-02-23 16:14:28 - 数据库初始化出错。
