2011-05-22 23:44:59,500 - Log4JLogChute initialized using file 'velocity.log'
2011-05-22 23:44:59,500 - Velocity was not initialized! Calling init()...
2011-05-22 23:44:59,500 - Starting Apache Velocity v1.5 (compiled: 2007-02-22 08:52:29)
2011-05-22 23:44:59,500 - Default Properties File: org\apache\velocity\runtime\defaults\velocity.properties
2011-05-22 23:44:59,500 - Trying to use logger class org.apache.velocity.runtime.log.AvalonLogChute
2011-05-22 23:44:59,515 - Couldn't find class org.apache.velocity.runtime.log.AvalonLogChute or necessary supporting classes in classpath.
java.lang.NoClassDefFoundError: org/apache/log/format/Formatter
	at java.lang.Class.forName0(Native Method)
	at java.lang.Class.forName(Class.java:247)
	at org.apache.velocity.util.ClassUtils.getClass(ClassUtils.java:63)
	at org.apache.velocity.util.ClassUtils.getNewInstance(ClassUtils.java:95)
	at org.apache.velocity.runtime.log.LogManager.createLogChute(LogManager.java:147)
	at org.apache.velocity.runtime.log.LogManager.updateLog(LogManager.java:208)
	at org.apache.velocity.runtime.RuntimeInstance.initializeLog(RuntimeInstance.java:728)
	at org.apache.velocity.runtime.RuntimeInstance.init(RuntimeInstance.java:240)
	at org.apache.velocity.runtime.RuntimeInstance.parse(RuntimeInstance.java:993)
	at org.apache.velocity.runtime.RuntimeInstance.parse(RuntimeInstance.java:972)
	at org.apache.velocity.runtime.RuntimeSingleton.parse(RuntimeSingleton.java:265)
	at org.apache.velocity.app.Velocity.evaluate(Velocity.java:274)
	at org.sonatype.mavenbook.weather.WeatherFormatter.format(WeatherFormatter.java:21)
	at org.sonatype.mavenbook.weather.Main.start(Main.java:33)
	at org.sonatype.mavenbook.weather.Main.main(Main.java:18)
Caused by: java.lang.ClassNotFoundException: org.apache.log.format.Formatter
	at java.net.URLClassLoader$1.run(URLClassLoader.java:202)
	at java.security.AccessController.doPrivileged(Native Method)
	at java.net.URLClassLoader.findClass(URLClassLoader.java:190)
	at java.lang.ClassLoader.loadClass(ClassLoader.java:306)
	at sun.misc.Launcher$AppClassLoader.loadClass(Launcher.java:301)
	at java.lang.ClassLoader.loadClass(ClassLoader.java:247)
	... 15 more
2011-05-22 23:44:59,515 - Trying to use logger class org.apache.velocity.runtime.log.Log4JLogChute
2011-05-22 23:44:59,515 - Using logger class org.apache.velocity.runtime.log.Log4JLogChute
2011-05-22 23:44:59,531 - Default ResourceManager initializing. (class org.apache.velocity.runtime.resource.ResourceManagerImpl)
2011-05-22 23:44:59,531 - ResourceLoader instantiated: org.apache.velocity.runtime.resource.loader.FileResourceLoader
2011-05-22 23:44:59,531 - Do unicode file recognition:  false
2011-05-22 23:44:59,531 - FileResourceLoader : adding path '.'
2011-05-22 23:44:59,625 - ResourceCache: initialized (class org.apache.velocity.runtime.resource.ResourceCacheImpl)
2011-05-22 23:44:59,625 - Loaded System Directive: org.apache.velocity.runtime.directive.Literal
2011-05-22 23:44:59,625 - Loaded System Directive: org.apache.velocity.runtime.directive.Macro
2011-05-22 23:44:59,625 - Loaded System Directive: org.apache.velocity.runtime.directive.Parse
2011-05-22 23:44:59,640 - Loaded System Directive: org.apache.velocity.runtime.directive.Include
2011-05-22 23:44:59,640 - Loaded System Directive: org.apache.velocity.runtime.directive.Foreach
2011-05-22 23:44:59,671 - Created '20' parsers.
2011-05-22 23:44:59,687 - Velocimacro : "velocimacro.library" is not set.  Trying default library: VM_global_library.vm
2011-05-22 23:44:59,687 - Velocimacro : Default library not found.
2011-05-22 23:44:59,687 - Velocimacro : allowInline = true : VMs can be defined inline in templates
2011-05-22 23:44:59,687 - Velocimacro : allowInlineToOverride = false : VMs defined inline may NOT replace previous VM definitions
2011-05-22 23:44:59,687 - Velocimacro : allowInlineLocal = false : VMs defined inline will be global in scope if allowed.
2011-05-22 23:44:59,687 - Velocimacro : autoload off : VM system will not automatically reload global library macros
2011-05-23 00:10:56,906 - Log4JLogChute initialized using file 'velocity.log'
2011-05-23 00:10:56,906 - Velocity was not initialized! Calling init()...
2011-05-23 00:10:56,906 - Starting Apache Velocity v1.5 (compiled: 2007-02-22 08:52:29)
2011-05-23 00:10:56,906 - Default Properties File: org\apache\velocity\runtime\defaults\velocity.properties
2011-05-23 00:10:56,906 - Trying to use logger class org.apache.velocity.runtime.log.AvalonLogChute
2011-05-23 00:10:56,906 - Couldn't find class org.apache.velocity.runtime.log.AvalonLogChute or necessary supporting classes in classpath.
java.lang.NoClassDefFoundError: org/apache/log/format/Formatter
	at java.lang.Class.forName0(Native Method)
	at java.lang.Class.forName(Class.java:247)
	at org.apache.velocity.util.ClassUtils.getClass(ClassUtils.java:63)
	at org.apache.velocity.util.ClassUtils.getNewInstance(ClassUtils.java:95)
	at org.apache.velocity.runtime.log.LogManager.createLogChute(LogManager.java:147)
	at org.apache.velocity.runtime.log.LogManager.updateLog(LogManager.java:208)
	at org.apache.velocity.runtime.RuntimeInstance.initializeLog(RuntimeInstance.java:728)
	at org.apache.velocity.runtime.RuntimeInstance.init(RuntimeInstance.java:240)
	at org.apache.velocity.runtime.RuntimeInstance.parse(RuntimeInstance.java:993)
	at org.apache.velocity.runtime.RuntimeInstance.parse(RuntimeInstance.java:972)
	at org.apache.velocity.runtime.RuntimeSingleton.parse(RuntimeSingleton.java:265)
	at org.apache.velocity.app.Velocity.evaluate(Velocity.java:274)
	at org.sonatype.mavenbook.weather.WeatherFormatter.format(WeatherFormatter.java:21)
	at org.sonatype.mavenbook.weather.Main.start(Main.java:33)
	at org.sonatype.mavenbook.weather.Main.main(Main.java:18)
Caused by: java.lang.ClassNotFoundException: org.apache.log.format.Formatter
	at java.net.URLClassLoader$1.run(URLClassLoader.java:202)
	at java.security.AccessController.doPrivileged(Native Method)
	at java.net.URLClassLoader.findClass(URLClassLoader.java:190)
	at java.lang.ClassLoader.loadClass(ClassLoader.java:306)
	at sun.misc.Launcher$AppClassLoader.loadClass(Launcher.java:301)
	at java.lang.ClassLoader.loadClass(ClassLoader.java:247)
	... 15 more
2011-05-23 00:10:56,906 - Trying to use logger class org.apache.velocity.runtime.log.Log4JLogChute
2011-05-23 00:10:56,906 - Using logger class org.apache.velocity.runtime.log.Log4JLogChute
2011-05-23 00:10:56,921 - Default ResourceManager initializing. (class org.apache.velocity.runtime.resource.ResourceManagerImpl)
2011-05-23 00:10:56,921 - ResourceLoader instantiated: org.apache.velocity.runtime.resource.loader.FileResourceLoader
2011-05-23 00:10:56,921 - Do unicode file recognition:  false
2011-05-23 00:10:56,921 - FileResourceLoader : adding path '.'
2011-05-23 00:10:56,937 - ResourceCache: initialized (class org.apache.velocity.runtime.resource.ResourceCacheImpl)
2011-05-23 00:10:56,937 - Loaded System Directive: org.apache.velocity.runtime.directive.Literal
2011-05-23 00:10:56,937 - Loaded System Directive: org.apache.velocity.runtime.directive.Macro
2011-05-23 00:10:56,953 - Loaded System Directive: org.apache.velocity.runtime.directive.Parse
2011-05-23 00:10:56,953 - Loaded System Directive: org.apache.velocity.runtime.directive.Include
2011-05-23 00:10:56,953 - Loaded System Directive: org.apache.velocity.runtime.directive.Foreach
2011-05-23 00:10:56,984 - Created '20' parsers.
2011-05-23 00:10:57,000 - Velocimacro : "velocimacro.library" is not set.  Trying default library: VM_global_library.vm
2011-05-23 00:10:57,000 - Velocimacro : Default library not found.
2011-05-23 00:10:57,000 - Velocimacro : allowInline = true : VMs can be defined inline in templates
2011-05-23 00:10:57,000 - Velocimacro : allowInlineToOverride = false : VMs defined inline may NOT replace previous VM definitions
2011-05-23 00:10:57,000 - Velocimacro : allowInlineLocal = false : VMs defined inline will be global in scope if allowed.
2011-05-23 00:10:57,000 - Velocimacro : autoload off : VM system will not automatically reload global library macros
2011-05-23 00:11:22,296 - Log4JLogChute initialized using file 'velocity.log'
2011-05-23 00:11:22,296 - Velocity was not initialized! Calling init()...
2011-05-23 00:11:22,296 - Starting Apache Velocity v1.5 (compiled: 2007-02-22 08:52:29)
2011-05-23 00:11:22,296 - Default Properties File: org\apache\velocity\runtime\defaults\velocity.properties
2011-05-23 00:11:22,296 - Trying to use logger class org.apache.velocity.runtime.log.AvalonLogChute
2011-05-23 00:11:22,296 - Couldn't find class org.apache.velocity.runtime.log.AvalonLogChute or necessary supporting classes in classpath.
java.lang.NoClassDefFoundError: org/apache/log/format/Formatter
	at java.lang.Class.forName0(Native Method)
	at java.lang.Class.forName(Class.java:247)
	at org.apache.velocity.util.ClassUtils.getClass(ClassUtils.java:63)
	at org.apache.velocity.util.ClassUtils.getNewInstance(ClassUtils.java:95)
	at org.apache.velocity.runtime.log.LogManager.createLogChute(LogManager.java:147)
	at org.apache.velocity.runtime.log.LogManager.updateLog(LogManager.java:208)
	at org.apache.velocity.runtime.RuntimeInstance.initializeLog(RuntimeInstance.java:728)
	at org.apache.velocity.runtime.RuntimeInstance.init(RuntimeInstance.java:240)
	at org.apache.velocity.runtime.RuntimeInstance.parse(RuntimeInstance.java:993)
	at org.apache.velocity.runtime.RuntimeInstance.parse(RuntimeInstance.java:972)
	at org.apache.velocity.runtime.RuntimeSingleton.parse(RuntimeSingleton.java:265)
	at org.apache.velocity.app.Velocity.evaluate(Velocity.java:274)
	at org.sonatype.mavenbook.weather.WeatherFormatter.format(WeatherFormatter.java:21)
	at org.sonatype.mavenbook.weather.Main.start(Main.java:33)
	at org.sonatype.mavenbook.weather.Main.main(Main.java:18)
Caused by: java.lang.ClassNotFoundException: org.apache.log.format.Formatter
	at java.net.URLClassLoader$1.run(URLClassLoader.java:202)
	at java.security.AccessController.doPrivileged(Native Method)
	at java.net.URLClassLoader.findClass(URLClassLoader.java:190)
	at java.lang.ClassLoader.loadClass(ClassLoader.java:306)
	at sun.misc.Launcher$AppClassLoader.loadClass(Launcher.java:301)
	at java.lang.ClassLoader.loadClass(ClassLoader.java:247)
	... 15 more
2011-05-23 00:11:22,296 - Trying to use logger class org.apache.velocity.runtime.log.Log4JLogChute
2011-05-23 00:11:22,296 - Using logger class org.apache.velocity.runtime.log.Log4JLogChute
2011-05-23 00:11:22,296 - Default ResourceManager initializing. (class org.apache.velocity.runtime.resource.ResourceManagerImpl)
2011-05-23 00:11:22,312 - ResourceLoader instantiated: org.apache.velocity.runtime.resource.loader.FileResourceLoader
2011-05-23 00:11:22,312 - Do unicode file recognition:  false
2011-05-23 00:11:22,312 - FileResourceLoader : adding path '.'
2011-05-23 00:11:22,328 - ResourceCache: initialized (class org.apache.velocity.runtime.resource.ResourceCacheImpl)
2011-05-23 00:11:22,328 - Loaded System Directive: org.apache.velocity.runtime.directive.Literal
2011-05-23 00:11:22,328 - Loaded System Directive: org.apache.velocity.runtime.directive.Macro
2011-05-23 00:11:22,328 - Loaded System Directive: org.apache.velocity.runtime.directive.Parse
2011-05-23 00:11:22,328 - Loaded System Directive: org.apache.velocity.runtime.directive.Include
2011-05-23 00:11:22,343 - Loaded System Directive: org.apache.velocity.runtime.directive.Foreach
2011-05-23 00:11:22,375 - Created '20' parsers.
2011-05-23 00:11:22,390 - Velocimacro : "velocimacro.library" is not set.  Trying default library: VM_global_library.vm
2011-05-23 00:11:22,390 - Velocimacro : Default library not found.
2011-05-23 00:11:22,390 - Velocimacro : allowInline = true : VMs can be defined inline in templates
2011-05-23 00:11:22,390 - Velocimacro : allowInlineToOverride = false : VMs defined inline may NOT replace previous VM definitions
2011-05-23 00:11:22,390 - Velocimacro : allowInlineLocal = false : VMs defined inline will be global in scope if allowed.
2011-05-23 00:11:22,390 - Velocimacro : autoload off : VM system will not automatically reload global library macros
2011-05-23 00:18:40,640 - Log4JLogChute initialized using file 'velocity.log'
2011-05-23 00:18:40,640 - Velocity was not initialized! Calling init()...
2011-05-23 00:18:40,640 - Starting Apache Velocity v1.5 (compiled: 2007-02-22 08:52:29)
2011-05-23 00:18:40,640 - Default Properties File: org\apache\velocity\runtime\defaults\velocity.properties
2011-05-23 00:18:40,640 - Trying to use logger class org.apache.velocity.runtime.log.AvalonLogChute
2011-05-23 00:18:40,640 - Couldn't find class org.apache.velocity.runtime.log.AvalonLogChute or necessary supporting classes in classpath.
java.lang.NoClassDefFoundError: org/apache/log/format/Formatter
	at java.lang.Class.forName0(Native Method)
	at java.lang.Class.forName(Class.java:247)
	at org.apache.velocity.util.ClassUtils.getClass(ClassUtils.java:63)
	at org.apache.velocity.util.ClassUtils.getNewInstance(ClassUtils.java:95)
	at org.apache.velocity.runtime.log.LogManager.createLogChute(LogManager.java:147)
	at org.apache.velocity.runtime.log.LogManager.updateLog(LogManager.java:208)
	at org.apache.velocity.runtime.RuntimeInstance.initializeLog(RuntimeInstance.java:728)
	at org.apache.velocity.runtime.RuntimeInstance.init(RuntimeInstance.java:240)
	at org.apache.velocity.runtime.RuntimeInstance.parse(RuntimeInstance.java:993)
	at org.apache.velocity.runtime.RuntimeInstance.parse(RuntimeInstance.java:972)
	at org.apache.velocity.runtime.RuntimeSingleton.parse(RuntimeSingleton.java:265)
	at org.apache.velocity.app.Velocity.evaluate(Velocity.java:274)
	at org.sonatype.mavenbook.weather.WeatherFormatter.format(WeatherFormatter.java:21)
	at org.sonatype.mavenbook.weather.Main.start(Main.java:33)
	at org.sonatype.mavenbook.weather.Main.main(Main.java:18)
Caused by: java.lang.ClassNotFoundException: org.apache.log.format.Formatter
	at java.net.URLClassLoader$1.run(URLClassLoader.java:202)
	at java.security.AccessController.doPrivileged(Native Method)
	at java.net.URLClassLoader.findClass(URLClassLoader.java:190)
	at java.lang.ClassLoader.loadClass(ClassLoader.java:306)
	at sun.misc.Launcher$AppClassLoader.loadClass(Launcher.java:301)
	at java.lang.ClassLoader.loadClass(ClassLoader.java:247)
	... 15 more
2011-05-23 00:18:40,640 - Trying to use logger class org.apache.velocity.runtime.log.Log4JLogChute
2011-05-23 00:18:40,640 - Using logger class org.apache.velocity.runtime.log.Log4JLogChute
2011-05-23 00:18:40,656 - Default ResourceManager initializing. (class org.apache.velocity.runtime.resource.ResourceManagerImpl)
2011-05-23 00:18:40,656 - ResourceLoader instantiated: org.apache.velocity.runtime.resource.loader.FileResourceLoader
2011-05-23 00:18:40,656 - Do unicode file recognition:  false
2011-05-23 00:18:40,656 - FileResourceLoader : adding path '.'
2011-05-23 00:18:40,687 - ResourceCache: initialized (class org.apache.velocity.runtime.resource.ResourceCacheImpl)
2011-05-23 00:18:40,687 - Loaded System Directive: org.apache.velocity.runtime.directive.Literal
2011-05-23 00:18:40,687 - Loaded System Directive: org.apache.velocity.runtime.directive.Macro
2011-05-23 00:18:40,687 - Loaded System Directive: org.apache.velocity.runtime.directive.Parse
2011-05-23 00:18:40,687 - Loaded System Directive: org.apache.velocity.runtime.directive.Include
2011-05-23 00:18:40,687 - Loaded System Directive: org.apache.velocity.runtime.directive.Foreach
2011-05-23 00:18:40,734 - Created '20' parsers.
2011-05-23 00:18:40,734 - Velocimacro : "velocimacro.library" is not set.  Trying default library: VM_global_library.vm
2011-05-23 00:18:40,734 - Velocimacro : Default library not found.
2011-05-23 00:18:40,734 - Velocimacro : allowInline = true : VMs can be defined inline in templates
2011-05-23 00:18:40,734 - Velocimacro : allowInlineToOverride = false : VMs defined inline may NOT replace previous VM definitions
2011-05-23 00:18:40,734 - Velocimacro : allowInlineLocal = false : VMs defined inline will be global in scope if allowed.
2011-05-23 00:18:40,734 - Velocimacro : autoload off : VM system will not automatically reload global library macros
